C:\Users\yasmeen.abdrabou.GUC\Desktop\GUC\Winter 2016\DMET502W15\Codes\OpenGL2DTemplate\OpenGL2DTemplate\Debug\cl.command.1.tlog
C:\Users\yasmeen.abdrabou.GUC\Desktop\GUC\Winter 2016\DMET502W15\Codes\OpenGL2DTemplate\OpenGL2DTemplate\Debug\CL.read.1.tlog
C:\Users\yasmeen.abdrabou.GUC\Desktop\GUC\Winter 2016\DMET502W15\Codes\OpenGL2DTemplate\OpenGL2DTemplate\Debug\CL.write.1.tlog
C:\Users\yasmeen.abdrabou.GUC\Desktop\GUC\Winter 2016\DMET502W15\Codes\OpenGL2DTemplate\OpenGL2DTemplate\Debug\link.command.1.tlog
C:\Users\yasmeen.abdrabou.GUC\Desktop\GUC\Winter 2016\DMET502W15\Codes\OpenGL2DTemplate\OpenGL2DTemplate\Debug\link.read.1.tlog
C:\Users\yasmeen.abdrabou.GUC\Desktop\GUC\Winter 2016\DMET502W15\Codes\OpenGL2DTemplate\OpenGL2DTemplate\Debug\link.write.1.tlog
C:\Users\yasmeen.abdrabou.GUC\Desktop\GUC\Winter 2016\DMET502W15\Codes\OpenGL2DTemplate\OpenGL2DTemplate\Debug\mt.command.1.tlog
C:\Users\yasmeen.abdrabou.GUC\Desktop\GUC\Winter 2016\DMET502W15\Codes\OpenGL2DTemplate\OpenGL2DTemplate\Debug\mt.read.1.tlog
C:\Users\yasmeen.abdrabou.GUC\Desktop\GUC\Winter 2016\DMET502W15\Codes\OpenGL2DTemplate\OpenGL2DTemplate\Debug\mt.write.1.tlog
C:\Users\yasmeen.abdrabou.GUC\Desktop\GUC\Winter 2016\DMET502W15\Codes\OpenGL2DTemplate\OpenGL2DTemplate\Debug\OpenGL2DTemplate.exe
C:\Users\yasmeen.abdrabou.GUC\Desktop\GUC\Winter 2016\DMET502W15\Codes\OpenGL2DTemplate\OpenGL2DTemplate\Debug\OpenGL2DTemplate.exe.intermediate.manifest
C:\Users\yasmeen.abdrabou.GUC\Desktop\GUC\Winter 2016\DMET502W15\Codes\OpenGL2DTemplate\OpenGL2DTemplate\Debug\OpenGL2DTemplate.obj
C:\Users\yasmeen.abdrabou.GUC\Desktop\GUC\Winter 2016\DMET502W15\Codes\OpenGL2DTemplate\OpenGL2DTemplate\Debug\OpenGL2DTemplate.pdb
C:\Users\yasmeen.abdrabou.GUC\Desktop\GUC\Winter 2016\DMET502W15\Codes\OpenGL2DTemplate\OpenGL2DTemplate\Debug\OpenGL2DTemplate.vcxprojResolveAssemblyReference.cache
C:\Users\yasmeen.abdrabou.GUC\Desktop\GUC\Winter 2016\DMET502W15\Codes\OpenGL2DTemplate\OpenGL2DTemplate\Debug\OpenGL2DTemplate.write.1.tlog
C:\Users\yasmeen.abdrabou.GUC\Desktop\GUC\Winter 2016\DMET502W15\Codes\OpenGL2DTemplate\OpenGL2DTemplate\Debug\vc100.idb
C:\Users\yasmeen.abdrabou.GUC\Desktop\GUC\Winter 2016\DMET502W15\Codes\OpenGL2DTemplate\OpenGL2DTemplate\Debug\vc100.pdb
C:\USERS\YASMEEN.ABDRABOU.GUC\DESKTOP\GUC\WINTER 2016\DMET502W15\DMET502W15\CODES\OPENGL2DTEMPLATE\OPENGL2DTEMPLATE\DEBUG\OPENGL2DTEMPLATE.EXE
C:\USERS\YASMEEN.ABDRABOU.GUC\DESKTOP\GUC\WINTER 2016\DMET502W15\DMET502W15\CODES\OPENGL2DTEMPLATE\OPENGL2DTEMPLATE\DEBUG\OPENGL2DTEMPLATE.EXE.INTERMEDIATE.MANIFEST
C:\USERS\YASMEEN.ABDRABOU.GUC\DESKTOP\GUC\WINTER 2016\DMET502W15\DMET502W15\CODES\OPENGL2DTEMPLATE\OPENGL2DTEMPLATE\DEBUG\OPENGL2DTEMPLATE.OBJ
C:\USERS\YASMEEN.ABDRABOU.GUC\DESKTOP\GUC\WINTER 2016\DMET502W15\DMET502W15\CODES\OPENGL2DTEMPLATE\OPENGL2DTEMPLATE\DEBUG\OPENGL2DTEMPLATE.PDB
C:\USERS\YASMEEN.ABDRABOU.GUC\DESKTOP\GUC\WINTER 2016\DMET502W15\DMET502W15\CODES\OPENGL2DTEMPLATE\OPENGL2DTEMPLATE\DEBUG\VC100.PDB
